Synthesis Analysis & Elaboration Stage Report for FIFO_demo
Sun Jan 11 23:25:27 2026
Quartus Prime Version 25.3.0 Build 109 09/24/2025 SC Pro Edition


---------------------
; Table of Contents ;
---------------------
  1. Legal Notice
  2. Source Assignments for User Entity iopll_altera_iopll_2100_rbeghoa Instance: u_pll|iopll_0
  3. Parameter Settings for User Entity debounce Instance: db_key_1
  4. Parameter Settings for User Entity fifo_sync2 Instance: u_fifo
  5. Top Causes of Logic Optimized Away During Sweep
  6. Analysis & Elaboration Messages



----------------
; Legal Notice ;
----------------
Copyright (C) 2025  Altera Corporation. All rights reserved.
Your use of Altera Corporation's design tools, logic functions 
and other software and tools, and any partner logic 
functions, and any output files from any of the foregoing 
(including device programming or simulation files), and any 
associated documentation or information are expressly subject 
to the terms and conditions of the Altera Program License 
Subscription Agreement, the Altera Quartus Prime License Agreement,
the Altera IP License Agreement, or other applicable license
agreement, including, without limitation, that your use is for
the sole purpose of programming logic devices manufactured by
Altera and sold by Altera or its authorized distributors.  Please
refer to the Altera Software License Subscription Agreements 
on the Quartus Prime software download page.



+----------------------------------------------------------------------------------------------------------------+
; Source Assignments for User Entity iopll_altera_iopll_2100_rbeghoa Instance: u_pll|iopll_0                     ;
+-----------------------------------+-----------+------+-----------------+---------------------------------------+
; Assignment                        ; Value     ; From ; To              ; Source Location                       ;
+-----------------------------------+-----------+------+-----------------+---------------------------------------+
; IGNORE_LCELL_BUFFERS              ; OFF       ; -    ; gnd             ; iopll_altera_iopll_2100_rbeghoa.v:73  ;
; REMOVE_REDUNDANT_LOGIC_CELLS      ; OFF       ; -    ; gnd             ; iopll_altera_iopll_2100_rbeghoa.v:73  ;
; DESIGN_ASSISTANT_EXCLUDE          ; RES-50002 ; -    ; tennm_ph2_iopll ; iopll_altera_iopll_2100_rbeghoa.v:174 ;
; IMPLEMENT_AS_OUTPUT_OF_LOGIC_CELL ; ON        ; -    ; gnd             ; iopll_altera_iopll_2100_rbeghoa.v:73  ;
+-----------------------------------+-----------+------+-----------------+---------------------------------------+
All Instances:
u_pll|iopll_0



+----------------------------------------------------------------+
; Parameter Settings for User Entity debounce Instance: db_key_1 ;
+----------------+-------+---------------------------------------+
; Parameter Name ; Value ; Type                                  ;
+----------------+-------+---------------------------------------+
; COUNTER_BITS   ; 18    ; Signed Integer                        ;
+----------------+-------+---------------------------------------+
All Instances:
db_key_0
db_key_1



+----------------------------------------------------------------+
; Parameter Settings for User Entity fifo_sync2 Instance: u_fifo ;
+----------------+-------+---------------------------------------+
; Parameter Name ; Value ; Type                                  ;
+----------------+-------+---------------------------------------+
; ADDR_BITS      ; 4     ; Signed Integer                        ;
; DATA_BITS      ; 3     ; Signed Integer                        ;
+----------------+-------+---------------------------------------+
All Instances:
u_fifo



Top root causes of logic optimization that have been identified during sweep. For more details and filtering options, ensure that you have compiled with the "Enable RTL Analysis Debug Mode " setting turned on under Assignments->Settings->Compiler Settings, then go to the " Root Causes Tab " in the " Sweep Hints Viewer " tool in the " RTL Analyzer ".
+--------------------------------------------------------------------------------------------------+
; Top Causes of Logic Optimized Away During Sweep                                                  ;
+-------------------+------------------+-------------------------------------+---------------------+
; Root Object Path  ; Root Object Type ; Root Reason                         ; Swept Objects Count ;
+-------------------+------------------+-------------------------------------+---------------------+
; db_key_0|db_level ; OUTPUT_INST_PORT ; lost_fanout                         ; 0                   ;
; db_key_1|db_level ; OUTPUT_INST_PORT ; lost_fanout                         ; 0                   ;
; u_pll|iopll_0|n58 ; NET              ; undriven net set to default value 0 ; 0                   ;
; u_pll|iopll_0|gnd ; BUF (LCELL)      ; lost fanout                         ; 0                   ;
+-------------------+------------------+-------------------------------------+---------------------+


+---------------------------------+
; Analysis & Elaboration Messages ;
+---------------------------------+
Info: *******************************************************************
Info: Running Quartus Prime Synthesis
    Info: Version 25.3.0 Build 109 09/24/2025 SC Pro Edition
    Info: Processing started: Sun Jan 11 23:25:07 2026
    Info: System process ID: 3400
Info: Command: quartus_syn --read_settings_files=on --write_settings_files=off FIFO_demo -c FIFO_demo
Info: qis_default_flow_script.tcl version: #2
Info: Initializing Synthesis...
Info: Project = "FIFO_demo"
Info: Revision = "FIFO_demo"
Info (21958): Initialized Quartus Message Database
Info: Analyzing source files
Critical Warning (20759): Use the Reset Release IP in Intel Agilex 5 FPGA designs to ensure a successful configuration. For more information about the Reset Release IP, refer to the Configuration User Guide.
Info: Elaborating from top-level entity "FIFO_demo"
Info (18235): Library search order is as follows: "altera_iopll_2100; iopll". Quartus will look for undefined design units in your libraries in that order. To modify the ordering, please specify a semi-colon separated library list using the assignment LIBRARY_SEARCH_ORDER.
Warning (13469): Verilog HDL assignment warning at debounce.sv(37): truncated value with size 32 to match size of target (18) File: C:/Users/immkb/Desktop/FPGA_stuff/FIFO/FIFO_demo/src/debounce.sv Line: 37
Info (22567): Verilog HDL info at fifo_sync2.sv(12): extracting RAM for identifier 'memory' File: C:/Users/immkb/Desktop/FPGA_stuff/FIFO/FIFO_demo/src/fifo_sync2.sv Line: 12
Warning (13469): Verilog HDL assignment warning at fifo_sync2.sv(33): truncated value with size 32 to match size of target (5) File: C:/Users/immkb/Desktop/FPGA_stuff/FIFO/FIFO_demo/src/fifo_sync2.sv Line: 33
Warning (13469): Verilog HDL assignment warning at fifo_sync2.sv(34): truncated value with size 6 to match size of target (5) File: C:/Users/immkb/Desktop/FPGA_stuff/FIFO/FIFO_demo/src/fifo_sync2.sv Line: 34
Info: Found 6 design entities
Info: There are 6 partitions after elaboration.
Info: Running rule checking for Agilex5 protocol IPs...
Info: DA report generation in native DNI mode
Info (21615): Running Design Assistant Rules for snapshot 'partitioned'
Info: No waiver waived any violations
Info (22360): Design Assistant Results: 27 of 29 enabled rules passed, and 1 rules was disabled, in snapshot 'partitioned'
Info (21660): Design Assistant Results: 0 of 19 Critical severity rules issued violations in snapshot 'partitioned'
Warning (21620): Design Assistant Results: 1 of 1 High severity rules issued violations in snapshot 'partitioned'. Please refer to DRC report 'C:/Users/immkb/Desktop/FPGA_stuff/FIFO/FIFO_demo/output_files/FIFO_demo.drc.partitioned.rpt' for more information
Info (21621): Design Assistant Results: 1 of 1 Medium severity rules issued violations in snapshot 'partitioned'. Please refer to DRC report 'C:/Users/immkb/Desktop/FPGA_stuff/FIFO/FIFO_demo/output_files/FIFO_demo.drc.partitioned.rpt' for more information
Info (21622): Design Assistant Results: 0 of 8 Low severity rules issued violations in snapshot 'partitioned'


